<?xml version="1.0" encoding="UTF-8"?>
<testng-results skipped="1" failed="0" total="2" passed="1">
  <reporter-output>
  </reporter-output>
  <suite name="Default suite" duration-ms="7147" started-at="2019-09-19T11:06:15Z" finished-at="2019-09-19T11:06:22Z">
    <groups>
    </groups>
    <test name="Default test" duration-ms="7147" started-at="2019-09-19T11:06:15Z" finished-at="2019-09-19T11:06:22Z">
      <class name="FrameworkClasses.TestEngine">
        <test-method status="PASS" signature="Prerunsetup()[pri:0, instance:FrameworkClasses.TestEngine@544fe44c]" name="Prerunsetup" is-config="true" duration-ms="71" started-at="2019-09-19T16:36:15Z" finished-at="2019-09-19T16:36:15Z">
          <reporter-output>
          </reporter-output>
        </test-method> <!-- Prerunsetup -->
        <test-method status="PASS" signature="Setup()[pri:0, instance:FrameworkClasses.TestEngine@544fe44c]" name="Setup" is-config="true" duration-ms="1" started-at="2019-09-19T16:36:15Z" finished-at="2019-09-19T16:36:15Z">
          <reporter-output>
          </reporter-output>
        </test-method> <!-- Setup -->
        <test-method status="PASS" signature="Product_Sanity(java.util.ArrayList)[pri:0, instance:FrameworkClasses.TestEngine@544fe44c]" name="Product_Sanity" duration-ms="21" started-at="2019-09-19T16:36:22Z" data-provider="DP_Flow" finished-at="2019-09-19T16:36:22Z">
          <params>
            <param index="0">
              <value>
                <![CDATA[[A, Yes, ScenarioA, a, b, NA]]]>
              </value>
            </param>
          </params>
          <reporter-output>
          </reporter-output>
        </test-method> <!-- Product_Sanity -->
        <test-method status="SKIP" signature="Product_Sanity(java.util.ArrayList)[pri:0, instance:FrameworkClasses.TestEngine@544fe44c]" name="Product_Sanity" duration-ms="5" started-at="2019-09-19T16:36:22Z" data-provider="DP_Flow" finished-at="2019-09-19T16:36:22Z">
          <params>
            <param index="0">
              <value>
                <![CDATA[[B, No, ScenarioB, c, d, NA]]]>
              </value>
            </param>
          </params>
          <exception class="org.testng.SkipException">
            <message>
              <![CDATA[Skipping this Test]]>
            </message>
            <full-stacktrace>
              <![CDATA[org.testng.SkipException: Skipping this Test
	at FrameworkClasses.TestEngine.Product_Sanity(TestEngine.java:160)
	at sun.reflect.NativeMethodAccessorImpl.invoke0(Native Method)
	at sun.reflect.NativeMethodAccessorImpl.invoke(NativeMethodAccessorImpl.java:62)
	at sun.reflect.DelegatingMethodAccessorImpl.invoke(DelegatingMethodAccessorImpl.java:43)
	at java.lang.reflect.Method.invoke(Method.java:498)
	at org.testng.internal.MethodInvocationHelper.invokeMethod(MethodInvocationHelper.java:80)
	at org.testng.internal.Invoker.invokeMethod(Invoker.java:714)
	at org.testng.internal.Invoker.invokeTestMethod(Invoker.java:901)
	at org.testng.internal.Invoker.invokeTestMethods(Invoker.java:1231)
	at org.testng.internal.TestMethodWorker.invokeTestMethods(TestMethodWorker.java:127)
	at org.testng.internal.TestMethodWorker.run(TestMethodWorker.java:111)
	at org.testng.TestRunner.privateRun(TestRunner.java:767)
	at org.testng.TestRunner.run(TestRunner.java:617)
	at org.testng.SuiteRunner.runTest(SuiteRunner.java:334)
	at org.testng.SuiteRunner.runSequentially(SuiteRunner.java:329)
	at org.testng.SuiteRunner.privateRun(SuiteRunner.java:291)
	at org.testng.SuiteRunner.run(SuiteRunner.java:240)
	at org.testng.SuiteRunnerWorker.runSuite(SuiteRunnerWorker.java:52)
	at org.testng.SuiteRunnerWorker.run(SuiteRunnerWorker.java:86)
	at org.testng.TestNG.runSuitesSequentially(TestNG.java:1198)
	at org.testng.TestNG.runSuitesLocally(TestNG.java:1123)
	at org.testng.TestNG.run(TestNG.java:1031)
	at org.testng.remote.AbstractRemoteTestNG.run(AbstractRemoteTestNG.java:114)
	at org.testng.remote.RemoteTestNG.initAndRun(RemoteTestNG.java:251)
	at org.testng.remote.RemoteTestNG.main(RemoteTestNG.java:77)
]]>
            </full-stacktrace>
          </exception> <!-- org.testng.SkipException -->
          <reporter-output>
          </reporter-output>
        </test-method> <!-- Product_Sanity -->
        <test-method status="PASS" signature="PostExecution()[pri:0, instance:FrameworkClasses.TestEngine@544fe44c]" name="PostExecution" is-config="true" duration-ms="0" started-at="2019-09-19T16:36:23Z" finished-at="2019-09-19T16:36:23Z">
          <reporter-output>
          </reporter-output>
        </test-method> <!-- PostExecution -->
      </class> <!-- FrameworkClasses.TestEngine -->
    </test> <!-- Default test -->
  </suite> <!-- Default suite -->
</testng-results>
